2021-09-24 08:24:35.959  INFO 10312 --- [main] com.laptrinhoop.MobileShopApplication    : Starting MobileShopApplication on Su with PID 10312 (E:\cdw\workspace\cdw.mobileshop.com\target\classes started by TruongTra in E:\cdw\workspace\cdw.mobileshop.com)
2021-09-24 08:24:35.966  INFO 10312 --- [main] com.laptrinhoop.MobileShopApplication    : No active profile set, falling back to default profiles: default
2021-09-24 08:24:36.944  INFO 10312 --- [main] .s.d.r.c.RepositoryConfigurationDelegate : Bootstrapping Spring Data repositories in DEFAULT mode.
2021-09-24 08:24:37.003  INFO 10312 --- [main] .s.d.r.c.RepositoryConfigurationDelegate : Finished Spring Data repository scanning in 47ms. Found 0 repository interfaces.
2021-09-24 08:24:37.424  INFO 10312 --- [main] trationDelegate$BeanPostProcessorChecker : Bean 'org.springframework.transaction.annotation.ProxyTransactionManagementConfiguration' of type [org.springframework.transaction.annotation.ProxyTransactionManagementConfiguration] is not eligible for getting processed by all BeanPostProcessors (for example: not eligible for auto-proxying)
2021-09-24 08:24:37.970  INFO 10312 --- [main] o.s.b.w.embedded.tomcat.TomcatWebServer  : Tomcat initialized with port(s): 8081 (http)
2021-09-24 08:24:37.979  INFO 10312 --- [main] o.apache.catalina.core.StandardService   : Starting service [Tomcat]
2021-09-24 08:24:37.979  INFO 10312 --- [main] org.apache.catalina.core.StandardEngine  : Starting Servlet engine: [Apache Tomcat/9.0.27]
2021-09-24 08:24:38.241  INFO 10312 --- [main] org.apache.jasper.servlet.TldScanner     : At least one JAR was scanned for TLDs yet contained no TLDs. Enable debug logging for this logger for a complete list of JARs that were scanned but no TLDs were found in them. Skipping unneeded JARs during scanning can improve startup time and JSP compilation time.
2021-09-24 08:24:38.250  INFO 10312 --- [main] o.a.c.c.C.[Tomcat].[localhost].[/]       : Initializing Spring embedded WebApplicationContext
2021-09-24 08:24:38.250  INFO 10312 --- [main] o.s.web.context.ContextLoader            : Root WebApplicationContext: initialization completed in 2226 ms
2021-09-24 08:24:38.562  INFO 10312 --- [main] org.hibernate.Version                    : HHH000412: Hibernate Core {5.4.8.Final}
2021-09-24 08:24:38.792  INFO 10312 --- [main] o.hibernate.annotations.common.Version   : HCANN000001: Hibernate Commons Annotations {5.1.0.Final}
2021-09-24 08:24:42.118  INFO 10312 --- [main] org.hibernate.dialect.Dialect            : HHH000400: Using dialect: org.hibernate.dialect.MySQLDialect
2021-09-24 08:24:43.136  INFO 10312 --- [main] o.h.e.t.j.p.i.JtaPlatformInitiator       : HHH000490: Using JtaPlatform implementation: [org.hibernate.engine.transaction.jta.platform.internal.NoJtaPlatform]
2021-09-24 08:24:43.602  INFO 10312 --- [main] org.apache.tiles.access.TilesAccess      : Publishing TilesContext for context: org.springframework.web.servlet.view.tiles3.SpringWildcardServletTilesApplicationContext
2021-09-24 08:24:43.847  INFO 10312 --- [main] o.s.s.concurrent.ThreadPoolTaskExecutor  : Initializing ExecutorService 'applicationTaskExecutor'
2021-09-24 08:24:43.923  INFO 10312 --- [main] o.s.b.a.w.s.WelcomePageHandlerMapping    : Adding welcome page template: index
2021-09-24 08:24:44.191  INFO 10312 --- [main] o.s.b.w.embedded.tomcat.TomcatWebServer  : Tomcat started on port(s): 8081 (http) with context path ''
2021-09-24 08:24:44.194  INFO 10312 --- [main] com.laptrinhoop.MobileShopApplication    : Started MobileShopApplication in 8.726 seconds (JVM running for 9.178)
2021-09-24 08:33:08.061  INFO 10312 --- [http-nio-8081-exec-1] o.a.c.c.C.[Tomcat].[localhost].[/]       : Initializing Spring DispatcherServlet 'dispatcherServlet'
2021-09-24 08:33:08.061  INFO 10312 --- [http-nio-8081-exec-1] o.s.web.servlet.DispatcherServlet        : Initializing Servlet 'dispatcherServlet'
2021-09-24 08:33:08.070  INFO 10312 --- [http-nio-8081-exec-1] o.s.web.servlet.DispatcherServlet        : Completed initialization in 9 ms
